<?xml version="1.0" encoding="UTF-8"?>
<testng-results ignored="0" total="1" passed="1" failed="0" skipped="0">
  <reporter-output>
    <line>
      <![CDATA[bhanu]]>
    </line>
    <line>
      <![CDATA[test1...]]>
    </line>
  </reporter-output>
  <suite started-at="2023-06-23T08:36:26 IST" name="Default suite" finished-at="2023-06-23T08:37:04 IST" duration-ms="38033">
    <groups>
    </groups>
    <test started-at="2023-06-23T08:36:26 IST" name="Default test" finished-at="2023-06-23T08:37:04 IST" duration-ms="38033">
      <class name="script.Test1">
        <test-method is-config="true" signature="preCondition(java.lang.String,java.lang.String,java.lang.String,java.lang.String)[pri:0, instance:script.Test1@7c7b252e]" started-at="2023-06-23T08:36:26 IST" name="preCondition" finished-at="2023-06-23T08:37:01 IST" duration-ms="34696" status="PASS">
          <params>
            <param index="0">
              <value>
                <![CDATA[http://www.fb.com]]>
              </value>
            </param>
            <param index="1">
              <value>
                <![CDATA[edge]]>
              </value>
            </param>
            <param index="2">
              <value>
                <![CDATA[6]]>
              </value>
            </param>
            <param index="3">
              <value>
                <![CDATA[7]]>
              </value>
            </param>
          </params>
          <reporter-output>
          </reporter-output>
        </test-method> <!-- preCondition -->
        <test-method signature="test1()[pri:0, instance:script.Test1@7c7b252e]" started-at="2023-06-23T08:37:01 IST" name="test1" finished-at="2023-06-23T08:37:03 IST" duration-ms="1793" status="PASS">
          <reporter-output>
            <line>
              <![CDATA[bhanu]]>
            </line>
            <line>
              <![CDATA[test1...]]>
            </line>
          </reporter-output>
        </test-method> <!-- test1 -->
        <test-method is-config="true" signature="postCondition()[pri:0, instance:script.Test1@7c7b252e]" started-at="2023-06-23T08:37:03 IST" name="postCondition" finished-at="2023-06-23T08:37:04 IST" duration-ms="1436" status="PASS">
          <reporter-output>
          </reporter-output>
        </test-method> <!-- postCondition -->
      </class> <!-- script.Test1 -->
    </test> <!-- Default test -->
  </suite> <!-- Default suite -->
</testng-results>
